2017-11-21 14:37:26 {"opcode":"register","phone":"13512351236","password":"12345678","repassword":"12345678","realname":"范加尔","gender":"1","email":"347594728@qq.com","type":"4","cityid":"410100","idcard":"410100198409071023","sign":"NQE2l4rEwfj3JPEM+pGw8Z\/hiAAxp83NF+HwoHMz\/QgNrioilwUdcsDz6Ye4wWnwKr7NkX457\/NufbnDtdRnHDobR8SkRfamQ8Vfd\/N15wxQvnecvo0Du3R3cwWkSsBE2PwdFOz3PWGh9OV\/RBDrCeYpo8MCGYhpKgTK9BMMvus="}
2017-11-21 14:37:26 {"opcode":"register","code":"200","msg":"调用成功","token":"auth_70853f86a6d730608b0e7136fcad7034","sign":"RCyUrugjZ84F0adxQ30ehbxiHwAoTlDRK2Hr6DXa\/qSN50u1o5nFEMGtmdAQb0rY0rLSwCC\/cXuDiMdDPzv+pgbuQmBXP9FKE\/E8lqW\/gGK9NWu08D1Oeg2N3786+ZQS4U6idRavVyyDGsw5j15sC1SNHKjHAuXFSYEz5btcgHE="}
2017-11-21 14:38:05 {"opcode":"register","phone":"13512351236","password":"12345678","repassword":"12345678","realname":"范加尔","gender":"1","email":"347594728@qq.com","type":"4","cityid":"410100","idcard":"410100198409071023","sign":"NQE2l4rEwfj3JPEM+pGw8Z\/hiAAxp83NF+HwoHMz\/QgNrioilwUdcsDz6Ye4wWnwKr7NkX457\/NufbnDtdRnHDobR8SkRfamQ8Vfd\/N15wxQvnecvo0Du3R3cwWkSsBE2PwdFOz3PWGh9OV\/RBDrCeYpo8MCGYhpKgTK9BMMvus="}
2017-11-21 14:38:05 {"code":0,"msg":"[{\"phone\":\"手机号码13512351236已存在\"},{\"username\":\"用户名13512351236已存在\"}]","data":[]}
2017-11-21 14:38:25 {"opcode":"register","phone":"13512351236","password":"12345678","repassword":"12345678","realname":"范加尔","gender":"1","email":"347594728@qq.com","type":"4","cityid":"410100","idcard":"410100198409071023","sign":"NQE2l4rEwfj3JPEM+pGw8Z\/hiAAxp83NF+HwoHMz\/QgNrioilwUdcsDz6Ye4wWnwKr7NkX457\/NufbnDtdRnHDobR8SkRfamQ8Vfd\/N15wxQvnecvo0Du3R3cwWkSsBE2PwdFOz3PWGh9OV\/RBDrCeYpo8MCGYhpKgTK9BMMvus="}
2017-11-21 14:38:25 {"code":0,"msg":"[{\"phone\":\"手机号码13512351236已存在\"},{\"username\":\"用户名13512351236已存在\"}]","data":[]}
2017-11-21 14:40:31 {"opcode":"login","phone":"13512351235","password":"12345678","sign":"oSLRYW7NFdS6WhbCjiAt3QK4tqB1xHMMKOUVPKe13dvBUq2ahBiVZKJl5ygkY4s0\/GSoRNB6frwKrz1JRm9nNPfIEhpwz3OUf1XfZJOXytCQhgsjc2llE4hmdmrh9pEoUOMJeQjjdkarA6QcascOT2WIvTa0GRyUphvSNov3ZZ8="}
2017-11-21 14:40:31 {"opcode":"login","code":"200","msg":"调用成功","token":"auth_7123599ffaa4855dcecc52aa7ef79f1f","sign":"VVqZ3VzABuOwE98w8kkmXRcYTNEdHLtghfSaEemCUuMYJ+qocGhxuD85hjJQfwVmsuJfxLxrIF2L0exFBwHNhqsluKPYxzWZD7dl0zEGoNbvQ9mkzbYWz4hWJPkgyy23edQdMriRbHod4\/eauNKpMRYzTShRzGfuvMTdUEgqVl0="}
2017-11-21 14:40:31 {"\/favicon_ico":""}
2017-11-21 14:40:31 {"code":0,"msg":"目标参数不能空","data":[]}
2017-11-21 14:42:54 {"opcode":"login","phone":"13512351235","password":"12345678","sign":"oSLRYW7NFdS6WhbCjiAt3QK4tqB1xHMMKOUVPKe13dvBUq2ahBiVZKJl5ygkY4s0\/GSoRNB6frwKrz1JRm9nNPfIEhpwz3OUf1XfZJOXytCQhgsjc2llE4hmdmrh9pEoUOMJeQjjdkarA6QcascOT2WIvTa0GRyUphvSNov3ZZ8="}
2017-11-21 14:42:54 {"opcode":"login","code":"200","msg":"调用成功","token":"auth_7123599ffaa4855dcecc52aa7ef79f1f","sign":"VVqZ3VzABuOwE98w8kkmXRcYTNEdHLtghfSaEemCUuMYJ+qocGhxuD85hjJQfwVmsuJfxLxrIF2L0exFBwHNhqsluKPYxzWZD7dl0zEGoNbvQ9mkzbYWz4hWJPkgyy23edQdMriRbHod4\/eauNKpMRYzTShRzGfuvMTdUEgqVl0="}
2017-11-21 14:44:07 {"opcode":"login","phone":"13512351235","password":"12345678","sign":"oSLRYW7NFdS6WhbCjiAt3QK4tqB1xHMMKOUVPKe13dvBUq2ahBiVZKJl5ygkY4s0\/GSoRNB6frwKrz1JRm9nNPfIEhpwz3OUf1XfZJOXytCQhgsjc2llE4hmdmrh9pEoUOMJeQjjdkarA6QcascOT2WIvTa0GRyUphvSNov3ZZ8="}
2017-11-21 14:44:07 {"opcode":"login","code":"200","msg":"调用成功","token":"auth_7123599ffaa4855dcecc52aa7ef79f1f","sign":"VVqZ3VzABuOwE98w8kkmXRcYTNEdHLtghfSaEemCUuMYJ+qocGhxuD85hjJQfwVmsuJfxLxrIF2L0exFBwHNhqsluKPYxzWZD7dl0zEGoNbvQ9mkzbYWz4hWJPkgyy23edQdMriRbHod4\/eauNKpMRYzTShRzGfuvMTdUEgqVl0="}
2017-11-21 14:45:07 {"opcode":"login","phone":"13512351235","password":"12345678","sign":"oSLRYW7NFdS6WhbCjiAt3QK4tqB1xHMMKOUVPKe13dvBUq2ahBiVZKJl5ygkY4s0\/GSoRNB6frwKrz1JRm9nNPfIEhpwz3OUf1XfZJOXytCQhgsjc2llE4hmdmrh9pEoUOMJeQjjdkarA6QcascOT2WIvTa0GRyUphvSNov3ZZ8="}
2017-11-21 14:45:07 {"opcode":"login","code":"200","msg":"调用成功","token":"auth_7123599ffaa4855dcecc52aa7ef79f1f","sign":"VVqZ3VzABuOwE98w8kkmXRcYTNEdHLtghfSaEemCUuMYJ+qocGhxuD85hjJQfwVmsuJfxLxrIF2L0exFBwHNhqsluKPYxzWZD7dl0zEGoNbvQ9mkzbYWz4hWJPkgyy23edQdMriRbHod4\/eauNKpMRYzTShRzGfuvMTdUEgqVl0="}
2017-11-21 14:45:17 {"opcode":"login","phone":"13512351235","password":"12345678","sign":"oSLRYW7NFdS6WhbCjiAt3QK4tqB1xHMMKOUVPKe13dvBUq2ahBiVZKJl5ygkY4s0\/GSoRNB6frwKrz1JRm9nNPfIEhpwz3OUf1XfZJOXytCQhgsjc2llE4hmdmrh9pEoUOMJeQjjdkarA6QcascOT2WIvTa0GRyUphvSNov3ZZ8="}
2017-11-21 14:45:17 {"opcode":"login","code":"200","msg":"调用成功","token":"auth_7123599ffaa4855dcecc52aa7ef79f1f","sign":"VVqZ3VzABuOwE98w8kkmXRcYTNEdHLtghfSaEemCUuMYJ+qocGhxuD85hjJQfwVmsuJfxLxrIF2L0exFBwHNhqsluKPYxzWZD7dl0zEGoNbvQ9mkzbYWz4hWJPkgyy23edQdMriRbHod4\/eauNKpMRYzTShRzGfuvMTdUEgqVl0="}
2017-11-21 14:45:45 {"opcode":"login","phone":"13512351235","password":"12345678","sign":"oSLRYW7NFdS6WhbCjiAt3QK4tqB1xHMMKOUVPKe13dvBUq2ahBiVZKJl5ygkY4s0\/GSoRNB6frwKrz1JRm9nNPfIEhpwz3OUf1XfZJOXytCQhgsjc2llE4hmdmrh9pEoUOMJeQjjdkarA6QcascOT2WIvTa0GRyUphvSNov3ZZ8="}
2017-11-21 14:45:45 {"opcode":"login","code":"200","msg":"调用成功","token":"auth_7123599ffaa4855dcecc52aa7ef79f1f","sign":"VVqZ3VzABuOwE98w8kkmXRcYTNEdHLtghfSaEemCUuMYJ+qocGhxuD85hjJQfwVmsuJfxLxrIF2L0exFBwHNhqsluKPYxzWZD7dl0zEGoNbvQ9mkzbYWz4hWJPkgyy23edQdMriRbHod4\/eauNKpMRYzTShRzGfuvMTdUEgqVl0="}
2017-11-21 14:48:00 {"opcode":"login","phone":"13512351235","password":"12345678","sign":"oSLRYW7NFdS6WhbCjiAt3QK4tqB1xHMMKOUVPKe13dvBUq2ahBiVZKJl5ygkY4s0\/GSoRNB6frwKrz1JRm9nNPfIEhpwz3OUf1XfZJOXytCQhgsjc2llE4hmdmrh9pEoUOMJeQjjdkarA6QcascOT2WIvTa0GRyUphvSNov3ZZ8="}
2017-11-21 14:48:00 {"opcode":"login","code":"200","msg":"调用成功","token":"auth_7123599ffaa4855dcecc52aa7ef79f1f","sign":"VVqZ3VzABuOwE98w8kkmXRcYTNEdHLtghfSaEemCUuMYJ+qocGhxuD85hjJQfwVmsuJfxLxrIF2L0exFBwHNhqsluKPYxzWZD7dl0zEGoNbvQ9mkzbYWz4hWJPkgyy23edQdMriRbHod4\/eauNKpMRYzTShRzGfuvMTdUEgqVl0="}
2017-11-21 14:50:49 {"opcode":"login","phone":"13512351235","password":"12345678","sign":"oSLRYW7NFdS6WhbCjiAt3QK4tqB1xHMMKOUVPKe13dvBUq2ahBiVZKJl5ygkY4s0\/GSoRNB6frwKrz1JRm9nNPfIEhpwz3OUf1XfZJOXytCQhgsjc2llE4hmdmrh9pEoUOMJeQjjdkarA6QcascOT2WIvTa0GRyUphvSNov3ZZ8="}
2017-11-21 14:50:49 {"opcode":"login","code":"200","msg":"调用成功","token":"auth_7123599ffaa4855dcecc52aa7ef79f1f","sign":"VVqZ3VzABuOwE98w8kkmXRcYTNEdHLtghfSaEemCUuMYJ+qocGhxuD85hjJQfwVmsuJfxLxrIF2L0exFBwHNhqsluKPYxzWZD7dl0zEGoNbvQ9mkzbYWz4hWJPkgyy23edQdMriRbHod4\/eauNKpMRYzTShRzGfuvMTdUEgqVl0="}
2017-11-21 14:51:49 []
2017-11-21 14:51:49 {"code":0,"msg":"目标参数不能空","data":[]}
2017-11-21 14:51:49 {"opcode":"login","phone":"13512351235","password":"12345678","sign":"oSLRYW7NFdS6WhbCjiAt3QK4tqB1xHMMKOUVPKe13dvBUq2ahBiVZKJl5ygkY4s0\/GSoRNB6frwKrz1JRm9nNPfIEhpwz3OUf1XfZJOXytCQhgsjc2llE4hmdmrh9pEoUOMJeQjjdkarA6QcascOT2WIvTa0GRyUphvSNov3ZZ8="}
2017-11-21 14:51:49 {"opcode":"login","code":"200","msg":"调用成功","token":"auth_7123599ffaa4855dcecc52aa7ef79f1f","sign":"VVqZ3VzABuOwE98w8kkmXRcYTNEdHLtghfSaEemCUuMYJ+qocGhxuD85hjJQfwVmsuJfxLxrIF2L0exFBwHNhqsluKPYxzWZD7dl0zEGoNbvQ9mkzbYWz4hWJPkgyy23edQdMriRbHod4\/eauNKpMRYzTShRzGfuvMTdUEgqVl0="}
2017-11-21 14:51:49 {"\/favicon_ico":""}
2017-11-21 14:51:49 {"code":0,"msg":"目标参数不能空","data":[]}
2017-11-21 14:51:49 []
2017-11-21 14:51:49 {"code":0,"msg":"目标参数不能空","data":[]}
2017-11-21 14:51:49 []
2017-11-21 14:51:49 {"code":0,"msg":"目标参数不能空","data":[]}
2017-11-21 14:51:49 {"\/favicon_ico":""}
2017-11-21 14:51:49 {"code":0,"msg":"目标参数不能空","data":[]}
2017-11-21 14:51:49 {"\/favicon_ico":""}
2017-11-21 14:51:49 {"code":0,"msg":"目标参数不能空","data":[]}
2017-11-21 14:51:49 {"\/favicon_ico":""}
2017-11-21 14:51:49 {"code":0,"msg":"目标参数不能空","data":[]}
2017-11-21 14:52:11 []
2017-11-21 14:52:11 {"code":0,"msg":"目标参数不能空","data":[]}
2017-11-21 14:52:12 []
2017-11-21 14:52:12 {"code":0,"msg":"目标参数不能空","data":[]}
2017-11-21 14:52:14 []
2017-11-21 14:52:14 {"code":0,"msg":"目标参数不能空","data":[]}
2017-11-21 14:54:09 {"opcode":"login","phone":"13512351235","password":"12345678","sign":"oSLRYW7NFdS6WhbCjiAt3QK4tqB1xHMMKOUVPKe13dvBUq2ahBiVZKJl5ygkY4s0\/GSoRNB6frwKrz1JRm9nNPfIEhpwz3OUf1XfZJOXytCQhgsjc2llE4hmdmrh9pEoUOMJeQjjdkarA6QcascOT2WIvTa0GRyUphvSNov3ZZ8="}
2017-11-21 14:54:09 {"opcode":"login","code":"200","msg":"调用成功","token":"auth_7123599ffaa4855dcecc52aa7ef79f1f","sign":"VVqZ3VzABuOwE98w8kkmXRcYTNEdHLtghfSaEemCUuMYJ+qocGhxuD85hjJQfwVmsuJfxLxrIF2L0exFBwHNhqsluKPYxzWZD7dl0zEGoNbvQ9mkzbYWz4hWJPkgyy23edQdMriRbHod4\/eauNKpMRYzTShRzGfuvMTdUEgqVl0="}
2017-11-21 14:55:09 {"\/favicon_ico":""}
2017-11-21 14:55:09 {"code":0,"msg":"目标参数不能空","data":[]}
2017-11-21 14:55:09 {"opcode":"login","phone":"13512351235","password":"12345678","sign":"oSLRYW7NFdS6WhbCjiAt3QK4tqB1xHMMKOUVPKe13dvBUq2ahBiVZKJl5ygkY4s0\/GSoRNB6frwKrz1JRm9nNPfIEhpwz3OUf1XfZJOXytCQhgsjc2llE4hmdmrh9pEoUOMJeQjjdkarA6QcascOT2WIvTa0GRyUphvSNov3ZZ8="}
2017-11-21 14:55:09 {"opcode":"login","code":"200","msg":"调用成功","token":"auth_7123599ffaa4855dcecc52aa7ef79f1f","sign":"VVqZ3VzABuOwE98w8kkmXRcYTNEdHLtghfSaEemCUuMYJ+qocGhxuD85hjJQfwVmsuJfxLxrIF2L0exFBwHNhqsluKPYxzWZD7dl0zEGoNbvQ9mkzbYWz4hWJPkgyy23edQdMriRbHod4\/eauNKpMRYzTShRzGfuvMTdUEgqVl0="}
2017-11-21 17:40:45 {"\/favicon_ico":""}
2017-11-21 17:40:45 {"code":0,"msg":"目标参数不能空","data":[]}
