2017-11-22 09:25:48 {"\/favicon_ico":""}
2017-11-22 09:25:48 {"code":0,"msg":"目标参数不能空","data":[]}
2017-11-22 09:59:12 {"\/favicon_ico":""}
2017-11-22 09:59:12 {"code":0,"msg":"目标参数不能空","data":[]}
2017-11-22 10:20:22 {"\/favicon_ico":""}
2017-11-22 10:20:22 {"code":0,"msg":"目标参数不能空","data":[]}
2017-11-22 10:20:56 {"\/favicon_ico":""}
2017-11-22 10:20:56 {"code":0,"msg":"目标参数不能空","data":[]}
2017-11-22 10:20:58 {"\/favicon_ico":""}
2017-11-22 10:20:58 {"code":0,"msg":"目标参数不能空","data":[]}
2017-11-22 10:21:03 {"\/favicon_ico":""}
2017-11-22 10:21:03 {"code":0,"msg":"目标参数不能空","data":[]}
2017-11-22 10:21:11 {"\/favicon_ico":""}
2017-11-22 10:21:11 {"code":0,"msg":"目标参数不能空","data":[]}
2017-11-22 10:21:12 {"\/favicon_ico":""}
2017-11-22 10:21:12 {"code":0,"msg":"目标参数不能空","data":[]}
2017-11-22 10:21:15 {"\/favicon_ico":""}
2017-11-22 10:21:15 {"code":0,"msg":"目标参数不能空","data":[]}
2017-11-22 10:21:16 {"\/favicon_ico":""}
2017-11-22 10:21:16 {"code":0,"msg":"目标参数不能空","data":[]}
2017-11-22 10:21:17 {"\/favicon_ico":""}
2017-11-22 10:21:17 {"code":0,"msg":"目标参数不能空","data":[]}
2017-11-22 10:21:17 {"\/favicon_ico":""}
2017-11-22 10:21:17 {"code":0,"msg":"目标参数不能空","data":[]}
2017-11-22 10:21:17 {"\/favicon_ico":""}
2017-11-22 10:21:17 {"code":0,"msg":"目标参数不能空","data":[]}
2017-11-22 10:21:17 {"\/favicon_ico":""}
2017-11-22 10:21:17 {"code":0,"msg":"目标参数不能空","data":[]}
2017-11-22 10:21:17 {"\/favicon_ico":""}
2017-11-22 10:21:17 {"code":0,"msg":"目标参数不能空","data":[]}
2017-11-22 10:21:38 {"\/favicon_ico":""}
2017-11-22 10:21:38 {"code":0,"msg":"目标参数不能空","data":[]}
2017-11-22 10:21:43 {"\/favicon_ico":""}
2017-11-22 10:21:43 {"code":0,"msg":"目标参数不能空","data":[]}
2017-11-22 10:21:44 {"\/favicon_ico":""}
2017-11-22 10:21:44 {"code":0,"msg":"目标参数不能空","data":[]}
2017-11-22 10:22:00 {"\/favicon_ico":""}
2017-11-22 10:22:00 {"code":0,"msg":"目标参数不能空","data":[]}
2017-11-22 10:22:05 {"\/favicon_ico":""}
2017-11-22 10:22:05 {"code":0,"msg":"目标参数不能空","data":[]}
2017-11-22 10:22:05 {"\/favicon_ico":""}
2017-11-22 10:22:05 {"code":0,"msg":"目标参数不能空","data":[]}
2017-11-22 10:22:07 {"\/favicon_ico":""}
2017-11-22 10:22:07 {"code":0,"msg":"目标参数不能空","data":[]}
2017-11-22 10:22:07 {"\/favicon_ico":""}
2017-11-22 10:22:07 {"code":0,"msg":"目标参数不能空","data":[]}
2017-11-22 10:22:07 {"\/favicon_ico":""}
2017-11-22 10:22:07 {"code":0,"msg":"目标参数不能空","data":[]}
2017-11-22 10:22:07 {"\/favicon_ico":""}
2017-11-22 10:22:07 {"code":0,"msg":"目标参数不能空","data":[]}
2017-11-22 10:22:08 {"\/favicon_ico":""}
2017-11-22 10:22:08 {"code":0,"msg":"目标参数不能空","data":[]}
2017-11-22 10:22:08 {"\/favicon_ico":""}
2017-11-22 10:22:08 {"code":0,"msg":"目标参数不能空","data":[]}
2017-11-22 10:22:08 {"\/favicon_ico":""}
2017-11-22 10:22:08 {"code":0,"msg":"目标参数不能空","data":[]}
2017-11-22 10:22:08 {"\/favicon_ico":""}
2017-11-22 10:22:08 {"code":0,"msg":"目标参数不能空","data":[]}
2017-11-22 10:22:08 {"\/favicon_ico":""}
2017-11-22 10:22:08 {"code":0,"msg":"目标参数不能空","data":[]}
2017-11-22 10:22:09 {"\/favicon_ico":""}
2017-11-22 10:22:09 {"code":0,"msg":"目标参数不能空","data":[]}
2017-11-22 10:22:09 {"\/favicon_ico":""}
2017-11-22 10:22:09 {"code":0,"msg":"目标参数不能空","data":[]}
2017-11-22 10:22:11 {"\/favicon_ico":""}
2017-11-22 10:22:11 {"code":0,"msg":"目标参数不能空","data":[]}
2017-11-22 10:22:13 {"\/favicon_ico":""}
2017-11-22 10:22:13 {"code":0,"msg":"目标参数不能空","data":[]}
2017-11-22 10:22:15 {"\/favicon_ico":""}
2017-11-22 10:22:15 {"code":0,"msg":"目标参数不能空","data":[]}
2017-11-22 10:22:18 {"\/favicon_ico":""}
2017-11-22 10:22:18 {"code":0,"msg":"目标参数不能空","data":[]}
2017-11-22 10:22:19 {"\/favicon_ico":""}
2017-11-22 10:22:19 {"code":0,"msg":"目标参数不能空","data":[]}
2017-11-22 10:22:22 {"\/favicon_ico":""}
2017-11-22 10:22:22 {"code":0,"msg":"目标参数不能空","data":[]}
2017-11-22 10:22:22 {"\/favicon_ico":""}
2017-11-22 10:22:22 {"code":0,"msg":"目标参数不能空","data":[]}
2017-11-22 10:22:23 {"\/favicon_ico":""}
2017-11-22 10:22:23 {"code":0,"msg":"目标参数不能空","data":[]}
2017-11-22 10:22:34 {"\/favicon_ico":""}
2017-11-22 10:22:34 {"code":0,"msg":"目标参数不能空","data":[]}
2017-11-22 10:22:35 {"\/favicon_ico":""}
2017-11-22 10:22:35 {"code":0,"msg":"目标参数不能空","data":[]}
2017-11-22 10:23:36 {"code":0,"msg":"目标参数不能空","data":[]}
2017-11-22 10:25:12 {"code":0,"msg":"SQLSTATE[HY000] [1045] Access denied for user 'root'@'localhost' (using password: YES)","data":[]}
2017-11-22 10:26:17 {"code":0,"msg":"SQLSTATE[HY000] [1045] Access denied for user 'root'@'localhost' (using password: YES)","data":[]}
2017-11-22 10:26:29 {"code":0,"msg":"目标参数不能空","data":[]}
2017-11-22 10:26:38 {"code":0,"msg":"SQLSTATE[HY000] [1045] Access denied for user 'root'@'localhost' (using password: YES)","data":[]}
2017-11-22 10:33:59 {"code":0,"msg":"{\"token\":\"最小长度不足37;token密码格式有误\"}","data":[]}
2017-11-22 10:34:20 {"code":0,"msg":"{\"token\":\"必填项不能为空;token密码格式有误\"}","data":[]}
2017-11-22 10:35:24 {"code":0,"msg":"{\"token\":\"必填项不能为空;token格式有误\"}","data":[]}
2017-11-22 10:36:17 {"code":0,"msg":"{\"token\":\"必填项不能为空;token格式有误\"}","data":[]}
2017-11-22 10:36:28 {"code":0,"msg":"签名验证失败","data":[]}
2017-11-22 10:36:49 {"code":0,"msg":"签名验证失败","data":[]}
2017-11-22 10:37:02 {"code":0,"msg":"目标参数不能空","data":[]}
2017-11-22 10:37:38 {"code":0,"msg":"签名验证失败","data":[]}
2017-11-22 10:37:38 {"code":0,"msg":"目标参数不能空","data":[]}
2017-11-22 10:38:06 {"opcode":"checktoken","code":"200","msg":"验证成功"}
2017-11-22 10:38:06 {"code":0,"msg":"目标参数不能空","data":[]}
2017-11-22 10:38:18 {"opcode":"checktoken","code":"200","msg":"验证成功"}
2017-11-22 17:53:22 {"opcode":"getCity","token":"auth_7123599ffaa4855dcecc52aa7ef79f1f"}
2017-11-22 17:54:06 {"opcode":"getCity","token":"auth_7123599ffaa4855dcecc52aa7ef79f1f"}
2017-11-22 17:56:55 {"opcode":"getCity","token":"auth_7123599ffaa4855dcecc52aa7ef79f1f"}
2017-11-22 17:58:03 {"opcode":"getCity","token":"auth_7123599ffaa4855dcecc52aa7ef79f1f"}
2017-11-22 18:00:27 {"opcode":"getCity","token":"auth_7123599ffaa4855dcecc52aa7ef79f1f"}
2017-11-22 18:03:10 {"opcode":"getCity","up":"450000"}
2017-11-22 18:03:17 {"opcode":"getCity","up":"450100"}
2017-11-22 18:03:33 {"opcode":"getCity","up":"4501000"}
2017-11-22 18:03:40 {"opcode":"getCity","up":"0"}
2017-11-22 18:03:43 {"opcode":"getCity"}
